<?xml version="1.0" encoding="UTF-8"?>
<!-- Generated by org.testng.reporters.JUnitReportReporter -->
<testsuite hostname="Aniket" failures="0" tests="1" name="testCases.TC001_AccountRegistrationTest" time="2.797" errors="0" timestamp="2024-08-03T18:44:34 IST" skipped="0">
  <testcase classname="testCases.TC001_AccountRegistrationTest" name="verify_registration" time="2.797"/>
</testsuite> <!-- testCases.TC001_AccountRegistrationTest -->
